<?xml version="1.0" encoding="UTF-8"?>
<!-- Generated by org.testng.reporters.JUnitXMLReporter -->
<testsuite ignored="0" hostname="Koushik" failures="2" tests="6" name="logintest" time="28.41" errors="0" timestamp="2026-09-07T22:58:35 IST">
  <testcase classname="Testpackage.logintest" name="login" time="3.234"/>
  <testcase classname="Testpackage.logintest" name="login" time="2.766">
    <failure type="java.lang.AssertionError" message="The following asserts failed:
	expected [https://www.saucedemo.com/inventory.html] but found [https://www.saucedemo.com/]">
      <![CDATA[java.lang.AssertionError: The following asserts failed:
expected [https://www.saucedemo.com/inventory.html] but found [https://www.saucedemo.com/]
at Pages.loginpage.dologin(loginpage.java:35)
at Testpackage.logintest.login(logintest.java:24)
at java.base/java.util.ArrayList.forEach(ArrayList.java:1596)
at java.base/java.util.concurrent.FutureTask.run(FutureTask.java:317)
at java.base/java.util.concurrent.ThreadPoolExecutor.runWorker(ThreadPoolExecutor.java:1144)
at java.base/java.util.concurrent.ThreadPoolExecutor$Worker.run(ThreadPoolExecutor.java:642)
at java.base/java.lang.Thread.run(Thread.java:1583)
... Removed 17 stack frames]]>
    </failure>
  </testcase> <!-- login -->
  <testcase classname="Testpackage.logintest" name="login" time="2.572">
    <failure type="java.lang.AssertionError" message="The following asserts failed:
	expected [https://www.saucedemo.com/inventory.html] but found [https://www.saucedemo.com/]">
      <![CDATA[java.lang.AssertionError: The following asserts failed:
expected [https://www.saucedemo.com/inventory.html] but found [https://www.saucedemo.com/]
at Pages.loginpage.dologin(loginpage.java:35)
at Testpackage.logintest.login(logintest.java:24)
at java.base/java.util.ArrayList.forEach(ArrayList.java:1596)
at java.base/java.util.concurrent.FutureTask.run(FutureTask.java:317)
at java.base/java.util.concurrent.ThreadPoolExecutor.runWorker(ThreadPoolExecutor.java:1144)
at java.base/java.util.concurrent.ThreadPoolExecutor$Worker.run(ThreadPoolExecutor.java:642)
at java.base/java.lang.Thread.run(Thread.java:1583)
... Removed 17 stack frames]]>
    </failure>
  </testcase> <!-- login -->
  <testcase classname="Testpackage.logintest" name="login" time="7.623"/>
  <testcase classname="Testpackage.logintest" name="login" time="2.268"/>
  <testcase classname="Testpackage.logintest" name="login" time="2.309"/>
</testsuite> <!-- logintest -->
