<?xml version="1.0" encoding="UTF-8"?>
<!-- Generated by org.testng.reporters.JUnitXMLReporter -->
<testsuite ignored="0" hostname="Koushik" failures="2" tests="6" name="Test" time="107.951" errors="0" timestamp="2026-08-24T22:14:13 IST">
  <testcase classname="Testpackage.logintest" name="login" time="2.859"/>
  <testcase classname="Testpackage.logintest" name="login" time="2.314">
    <failure type="java.lang.AssertionError" message="The following asserts failed:
	expected [https://www.saucedemo.com/inventory.html] but found [https://www.saucedemo.com/]">
      <![CDATA[java.lang.AssertionError: The following asserts failed:
expected [https://www.saucedemo.com/inventory.html] but found [https://www.saucedemo.com/]
at Pages.loginpage.dologin(loginpage.java:35)
at Testpackage.logintest.login(logintest.java:24)
at java.base/java.util.ArrayList.forEach(ArrayList.java:1596)
... Removed 27 stack frames]]>
    </failure>
  </testcase> <!-- login -->
  <testcase classname="Testpackage.logintest" name="login" time="2.338">
    <failure type="java.lang.AssertionError" message="The following asserts failed:
	expected [https://www.saucedemo.com/inventory.html] but found [https://www.saucedemo.com/]">
      <![CDATA[java.lang.AssertionError: The following asserts failed:
expected [https://www.saucedemo.com/inventory.html] but found [https://www.saucedemo.com/]
at Pages.loginpage.dologin(loginpage.java:35)
at Testpackage.logintest.login(logintest.java:24)
at java.base/java.util.ArrayList.forEach(ArrayList.java:1596)
... Removed 27 stack frames]]>
    </failure>
  </testcase> <!-- login -->
  <testcase classname="Testpackage.logintest" name="login" time="7.393"/>
  <testcase classname="Testpackage.logintest" name="login" time="2.341"/>
  <testcase classname="Testpackage.logintest" name="login" time="2.272"/>
</testsuite> <!-- Test -->
