<?xml version="1.0" encoding="UTF-8"?>
<testng-results ignored="0" total="7" passed="6" failed="1" skipped="0">
  <reporter-output>
  </reporter-output>
  <suite started-at="2026-09-16T22:54:22 IST" name="Suite" finished-at="2026-09-16T22:55:00 IST" duration-ms="37338">
    <groups>
      <group name="cucumber">
        <method signature="AbstractTestNGCucumberTests.runScenario(io.cucumber.testng.PickleWrapper,io.cucumber.testng.FeatureWrapper)[pri:0, instance:loginstepdefination.loginrunner@5965d37]" name="runScenario" class="io.cucumber.testng.AbstractTestNGCucumberTests"/>
      </group> <!-- cucumber -->
    </groups>
    <test started-at="2026-09-16T22:54:22 IST" name="Test" finished-at="2026-09-16T22:55:00 IST" duration-ms="37338">
      <class name="loginstepdefination.loginrunner">
        <test-method is-config="true" signature="setUpClass(org.testng.ITestContext)[pri:0, instance:loginstepdefination.loginrunner@5965d37]" started-at="2026-09-16T22:54:22 IST" name="setUpClass" finished-at="2026-09-16T22:54:23 IST" duration-ms="804" status="PASS">
          <params>
            <param index="0">
              <value>
                <![CDATA[org.testng.TestRunner@58658f63]]>
              </value>
            </param>
          </params>
          <reporter-output>
          </reporter-output>
        </test-method> <!-- setUpClass -->
        <test-method signature="runScenario(io.cucumber.testng.PickleWrapper,io.cucumber.testng.FeatureWrapper)[pri:0, instance:loginstepdefination.loginrunner@5965d37]" started-at="2026-09-16T22:54:23 IST" name="runScenario" description="Runs Cucumber Scenarios" data-provider="scenarios" finished-at="2026-09-16T22:54:29 IST" duration-ms="5902" status="PASS">
          <params>
            <param index="0">
              <value>
                <![CDATA["Login validation"]]>
              </value>
            </param>
            <param index="1">
              <value>
                <![CDATA["Login sause Labs."]]>
              </value>
            </param>
          </params>
          <reporter-output>
          </reporter-output>
        </test-method> <!-- runScenario -->
        <test-method signature="runScenario(io.cucumber.testng.PickleWrapper,io.cucumber.testng.FeatureWrapper)[pri:0, instance:loginstepdefination.loginrunner@5965d37]" started-at="2026-09-16T22:54:29 IST" name="runScenario" description="Runs Cucumber Scenarios" data-provider="scenarios" finished-at="2026-09-16T22:54:33 IST" duration-ms="4305" status="PASS">
          <params>
            <param index="0">
              <value>
                <![CDATA["Login validation"]]>
              </value>
            </param>
            <param index="1">
              <value>
                <![CDATA["Login sause Labs."]]>
              </value>
            </param>
          </params>
          <reporter-output>
          </reporter-output>
        </test-method> <!-- runScenario -->
        <test-method signature="runScenario(io.cucumber.testng.PickleWrapper,io.cucumber.testng.FeatureWrapper)[pri:0, instance:loginstepdefination.loginrunner@5965d37]" started-at="2026-09-16T22:54:33 IST" name="runScenario" description="Runs Cucumber Scenarios" data-provider="scenarios" finished-at="2026-09-16T22:54:37 IST" duration-ms="3885" status="FAIL">
          <params>
            <param index="0">
              <value>
                <![CDATA["Login validation"]]>
              </value>
            </param>
            <param index="1">
              <value>
                <![CDATA["Login sause Labs."]]>
              </value>
            </param>
          </params>
          <exception class="java.lang.AssertionError">
            <message>
              <![CDATA[The following asserts failed:
expected [https://www.saucedemo.com/inventory.html] but found [https://www.saucedemo.com/]]]>
            </message>
            <full-stacktrace>
              <![CDATA[java.lang.AssertionError: The following asserts failed:
expected [https://www.saucedemo.com/inventory.html] but found [https://www.saucedemo.com/]
at org.testng.asserts.SoftAssert.assertAll(SoftAssert.java:46)
at org.testng.asserts.SoftAssert.assertAll(SoftAssert.java:30)
at loginstepdefination.loginstepdef.dashboard(loginstepdef.java:62)
at ✽.I should see dashboard page with url "https://www.saucedemo.com/inventory.html"(file:///C:/Users/koush/eclipse-workspace/PageObjectModel8/src/test/java/featurefiles/login.feature:7)
]]>
            </full-stacktrace>
          </exception> <!-- java.lang.AssertionError -->
          <reporter-output>
          </reporter-output>
        </test-method> <!-- runScenario -->
        <test-method signature="runScenario(io.cucumber.testng.PickleWrapper,io.cucumber.testng.FeatureWrapper)[pri:0, instance:loginstepdefination.loginrunner@5965d37]" started-at="2026-09-16T22:54:37 IST" name="runScenario" description="Runs Cucumber Scenarios" data-provider="scenarios" finished-at="2026-09-16T22:54:41 IST" duration-ms="4085" status="PASS">
          <params>
            <param index="0">
              <value>
                <![CDATA["Login validation"]]>
              </value>
            </param>
            <param index="1">
              <value>
                <![CDATA["Login sause Labs."]]>
              </value>
            </param>
          </params>
          <reporter-output>
          </reporter-output>
        </test-method> <!-- runScenario -->
        <test-method signature="runScenario(io.cucumber.testng.PickleWrapper,io.cucumber.testng.FeatureWrapper)[pri:0, instance:loginstepdefination.loginrunner@5965d37]" started-at="2026-09-16T22:54:41 IST" name="runScenario" description="Runs Cucumber Scenarios" data-provider="scenarios" finished-at="2026-09-16T22:54:50 IST" duration-ms="9205" status="PASS">
          <params>
            <param index="0">
              <value>
                <![CDATA["Login validation"]]>
              </value>
            </param>
            <param index="1">
              <value>
                <![CDATA["Login sause Labs."]]>
              </value>
            </param>
          </params>
          <reporter-output>
          </reporter-output>
        </test-method> <!-- runScenario -->
        <test-method signature="runScenario(io.cucumber.testng.PickleWrapper,io.cucumber.testng.FeatureWrapper)[pri:0, instance:loginstepdefination.loginrunner@5965d37]" started-at="2026-09-16T22:54:50 IST" name="runScenario" description="Runs Cucumber Scenarios" data-provider="scenarios" finished-at="2026-09-16T22:54:55 IST" duration-ms="4664" status="PASS">
          <params>
            <param index="0">
              <value>
                <![CDATA["Login validation"]]>
              </value>
            </param>
            <param index="1">
              <value>
                <![CDATA["Login sause Labs."]]>
              </value>
            </param>
          </params>
          <reporter-output>
          </reporter-output>
        </test-method> <!-- runScenario -->
        <test-method signature="runScenario(io.cucumber.testng.PickleWrapper,io.cucumber.testng.FeatureWrapper)[pri:0, instance:loginstepdefination.loginrunner@5965d37]" started-at="2026-09-16T22:54:55 IST" name="runScenario" description="Runs Cucumber Scenarios" data-provider="scenarios" finished-at="2026-09-16T22:54:59 IST" duration-ms="4332" status="PASS">
          <params>
            <param index="0">
              <value>
                <![CDATA["Login validation"]]>
              </value>
            </param>
            <param index="1">
              <value>
                <![CDATA["Login sause Labs."]]>
              </value>
            </param>
          </params>
          <reporter-output>
          </reporter-output>
        </test-method> <!-- runScenario -->
        <test-method is-config="true" signature="tearDownClass()[pri:0, instance:loginstepdefination.loginrunner@5965d37]" started-at="2026-09-16T22:54:59 IST" name="tearDownClass" finished-at="2026-09-16T22:55:00 IST" duration-ms="83" status="PASS">
          <reporter-output>
          </reporter-output>
        </test-method> <!-- tearDownClass -->
      </class> <!-- loginstepdefination.loginrunner -->
    </test> <!-- Test -->
  </suite> <!-- Suite -->
</testng-results>
