<?xml version="1.0" encoding="UTF-8"?>
<testng-results ignored="0" total="1" passed="1" failed="0" skipped="0">
  <reporter-output>
  </reporter-output>
  <suite started-at="2026-08-29T16:24:23 IST" name="Suite" finished-at="2026-08-29T16:24:45 IST" duration-ms="21713">
    <groups>
    </groups>
    <test started-at="2026-08-29T16:24:23 IST" name="Test" finished-at="2026-08-29T16:24:45 IST" duration-ms="21713">
      <class name="Testpackage.greenkart">
        <test-method is-config="true" signature="launch()[pri:0, instance:Testpackage.greenkart@691939c9]" started-at="2026-08-29T16:24:23 IST" name="launch" finished-at="2026-08-29T16:24:27 IST" duration-ms="3681" status="PASS">
          <reporter-output>
          </reporter-output>
        </test-method> <!-- launch -->
        <test-method signature="greenkartTest(java.lang.String,java.lang.String)[pri:0, instance:Testpackage.greenkart@691939c9]" started-at="2026-08-29T16:24:27 IST" name="greenkartTest" finished-at="2026-08-29T16:24:44 IST" duration-ms="16922" status="PASS">
          <params>
            <param index="0">
              <value>
                <![CDATA[Qacoaching]]>
              </value>
            </param>
            <param index="1">
              <value>
                <![CDATA[India]]>
              </value>
            </param>
          </params>
          <reporter-output>
          </reporter-output>
        </test-method> <!-- greenkartTest -->
        <test-method is-config="true" signature="terminate()[pri:0, instance:Testpackage.greenkart@691939c9]" started-at="2026-08-29T16:24:45 IST" name="terminate" finished-at="2026-08-29T16:24:45 IST" duration-ms="275" status="PASS">
          <reporter-output>
          </reporter-output>
        </test-method> <!-- terminate -->
      </class> <!-- Testpackage.greenkart -->
    </test> <!-- Test -->
  </suite> <!-- Suite -->
</testng-results>
