<?xml version="1.0" encoding="UTF-8"?>
<!-- Generated by org.testng.reporters.JUnitReportReporter -->
<testsuite hostname="Koushik" failures="1" tests="7" name="loginstepdefination.loginrunner" time="36.378" errors="0" timestamp="2026-09-16T22:55:00 IST" skipped="0">
  <testcase classname="loginstepdefination.loginrunner" name="runScenario" time="4.305"/>
  <testcase classname="loginstepdefination.loginrunner" name="runScenario" time="5.902"/>
  <testcase classname="loginstepdefination.loginrunner" name="runScenario" time="4.664"/>
  <testcase classname="loginstepdefination.loginrunner" name="runScenario" time="9.205"/>
  <testcase classname="loginstepdefination.loginrunner" name="runScenario" time="4.085"/>
  <testcase classname="loginstepdefination.loginrunner" name="runScenario" time="3.885">
    <failure message="The following asserts failed:
	expected [https://www.saucedemo.com/inventory.html] but found [https://www.saucedemo.com/]" type="java.lang.AssertionError">
      <![CDATA[java.lang.AssertionError: The following asserts failed:
expected [https://www.saucedemo.com/inventory.html] but found [https://www.saucedemo.com/]
at org.testng.asserts.SoftAssert.assertAll(SoftAssert.java:46)
at org.testng.asserts.SoftAssert.assertAll(SoftAssert.java:30)
at loginstepdefination.loginstepdef.dashboard(loginstepdef.java:62)
at ✽.I should see dashboard page with url "https://www.saucedemo.com/inventory.html"(file:///C:/Users/koush/eclipse-workspace/PageObjectModel8/src/test/java/featurefiles/login.feature:7)
]]>
    </failure>
  </testcase> <!-- runScenario -->
  <testcase classname="loginstepdefination.loginrunner" name="runScenario" time="4.332"/>
</testsuite> <!-- loginstepdefination.loginrunner -->
